<?xml version="1.0" encoding="UTF-8"?>
<!-- Generated by org.testng.reporters.JUnitReportReporter -->
<testsuite hostname="DESKTOP-O90M1PQ" failures="0" tests="1" name="testScript.JavaScriptExecutor" time="11.341" errors="0" timestamp="2025-06-04T20:41:08 IST" skipped="0">
  <testcase classname="testScript.JavaScriptExecutor" name="scroll" time="11.341"/>
</testsuite> <!-- testScript.JavaScriptExecutor -->
