<?xml version="1.0" encoding="UTF-8"?>
<!-- Generated by org.testng.reporters.JUnitReportReporter -->
<testsuite hostname="DESKTOP-O90M1PQ" failures="0" tests="1" name="testScript.FileUpload" time="15.136" errors="0" timestamp="2025-05-27T21:06:25 IST" skipped="0">
  <testcase classname="testScript.FileUpload" name="fileUploadUsingRobotClass" time="15.136"/>
</testsuite> <!-- testScript.FileUpload -->
