<?xml version="1.0" encoding="UTF-8"?>
<!-- Generated by org.testng.reporters.JUnitReportReporter -->
<testsuite hostname="DESKTOP-O90M1PQ" failures="0" tests="2" name="testScript.Annotations" time="27.955" errors="0" timestamp="2025-06-04T19:12:38 IST" skipped="0">
  <testcase classname="testScript.Annotations" name="Test1" time="11.328"/>
  <testcase classname="testScript.Annotations" name="test2" time="16.627"/>
</testsuite> <!-- testScript.Annotations -->
