<?xml version="1.0" encoding="UTF-8"?>
<!-- Generated by org.testng.reporters.JUnitReportReporter -->
<testsuite hostname="DESKTOP-O90M1PQ" failures="0" tests="1" name="testScript.TestSample" time="14.581" errors="0" timestamp="2025-06-02T20:06:41 IST" skipped="0">
  <testcase classname="testScript.TestSample" name="display" time="14.581"/>
</testsuite> <!-- testScript.TestSample -->
