<?xml version="1.0" encoding="UTF-8"?>
<!-- Generated by org.testng.reporters.JUnitReportReporter -->
<testsuite hostname="DESKTOP-O90M1PQ" failures="0" tests="2" name="testScript.Annotations" time="0.026" errors="0" timestamp="2025-06-02T20:24:25 IST" skipped="0">
  <testcase classname="testScript.Annotations" name="test2" time="0.013"/>
  <testcase classname="testScript.Annotations" name="Test1" time="0.013"/>
</testsuite> <!-- testScript.Annotations -->
