<?xml version="1.0" encoding="UTF-8"?>
<!-- Generated by org.testng.reporters.JUnitReportReporter -->
<testsuite hostname="DESKTOP-O90M1PQ" failures="0" tests="1" name="testScript.FileUpload" time="19.819" errors="0" timestamp="2025-06-04T19:15:50 IST" skipped="0">
  <testcase classname="testScript.FileUpload" name="fileUploadUsingSendKeys" time="19.819"/>
</testsuite> <!-- testScript.FileUpload -->
